<?xml version="1.0" encoding="UTF-8"?>
<coverage generated="1724932704580" clover="3.2.0">
  <project timestamp="1724932704580" name="All files">
    <metrics statements="26" coveredstatements="8" conditionals="6" coveredconditionals="6" methods="5" coveredmethods="3" elements="37" coveredelements="17" complexity="0" loc="26" ncloc="26" packages="1" files="2" classes="2"/>
    <file name="Button.stories.tsx" path="/Users/elhamnajeebullah/Documents/Full-Stack-Application/The-wild-oasis-web-platform/Internal-app/src/ui/Button/Button.stories.tsx">
      <metrics statements="18" coveredstatements="0" conditionals="0" coveredconditionals="0" methods="2" coveredmethods="0"/>
      <line num="2" count="0" type="stmt"/>
      <line num="3" count="0" type="stmt"/>
      <line num="7" count="0" type="stmt"/>
      <line num="8" count="0" type="stmt"/>
      <line num="16" count="0" type="stmt"/>
      <line num="25" count="0" type="stmt"/>
      <line num="32" count="0" type="stmt"/>
      <line num="38" count="0" type="stmt"/>
      <line num="48" count="0" type="stmt"/>
      <line num="58" count="0" type="stmt"/>
      <line num="69" count="0" type="stmt"/>
      <line num="76" count="0" type="stmt"/>
      <line num="88" count="0" type="stmt"/>
      <line num="102" count="0" type="stmt"/>
      <line num="113" count="0" type="stmt"/>
      <line num="125" count="0" type="stmt"/>
      <line num="132" count="0" type="stmt"/>
      <line num="135" count="0" type="stmt"/>
    </file>
    <file name="Button.tsx" path="/Users/elhamnajeebullah/Documents/Full-Stack-Application/The-wild-oasis-web-platform/Internal-app/src/ui/Button/Button.tsx">
      <metrics statements="8" coveredstatements="8" conditionals="6" coveredconditionals="6" methods="3" coveredmethods="3"/>
      <line num="1" count="1" type="stmt"/>
      <line num="3" count="1" type="stmt"/>
      <line num="23" count="1" type="stmt"/>
      <line num="51" count="1" type="stmt"/>
      <line num="56" count="3" type="cond" truecount="2" falsecount="0"/>
      <line num="58" count="3" type="cond" truecount="2" falsecount="0"/>
      <line num="62" count="3" type="cond" truecount="2" falsecount="0"/>
      <line num="67" count="1" type="stmt"/>
    </file>
  </project>
</coverage>
