{"/Users/elhamnajeebullah/Documents/Full-Stack-Application/The-wild-oasis-web-platform/Internal-app/src/ui/Button/Button.stories.tsx": {"path":"/Users/elhamnajeebullah/Documents/Full-Stack-Application/The-wild-oasis-web-platform/Internal-app/src/ui/Button/Button.stories.tsx","statementMap":{"0":{"start":{"line":2,"column":0},"end":{"line":2,"column":30}},"1":{"start":{"line":3,"column":0},"end":{"line":3,"column":42}},"2":{"start":{"line":7,"column":4},"end":{"line":13,"column":1}},"3":{"start":{"line":7,"column":23},"end":{"line":7,"column":28}},"4":{"start":{"line":7,"column":33},"end":{"line":7,"column":37}},"5":{"start":{"line":8,"column":2},"end":{"line":12,"column":4}},"6":{"start":{"line":16,"column":34},"end":{"line":23,"column":2}},"7":{"start":{"line":25,"column":0},"end":{"line":25,"column":20}},"8":{"start":{"line":32,"column":13},"end":{"line":36,"column":2}},"9":{"start":{"line":38,"column":13},"end":{"line":43,"column":2}},"10":{"start":{"line":48,"column":13},"end":{"line":56,"column":2}},"11":{"start":{"line":58,"column":13},"end":{"line":63,"column":2}},"12":{"start":{"line":69,"column":13},"end":{"line":74,"column":2}},"13":{"start":{"line":76,"column":13},"end":{"line":82,"column":2}},"14":{"start":{"line":88,"column":13},"end":{"line":96,"column":2}},"15":{"start":{"line":102,"column":13},"end":{"line":111,"column":2}},"16":{"start":{"line":113,"column":13},"end":{"line":123,"column":2}},"17":{"start":{"line":125,"column":13},"end":{"line":130,"column":2}},"18":{"start":{"line":132,"column":13},"end":{"line":137,"column":2}},"19":{"start":{"line":135,"column":19},"end":{"line":135,"column":43}}},"fnMap":{"0":{"name":"(anonymous_1)","decl":{"start":{"line":7,"column":4},"end":{"line":7,"column":5}},"loc":{"start":{"line":7,"column":39},"end":{"line":13,"column":1}}},"1":{"name":"(anonymous_2)","decl":{"start":{"line":135,"column":13},"end":{"line":135,"column":16}},"loc":{"start":{"line":135,"column":19},"end":{"line":135,"column":43}}}},"branchMap":{},"s":{"0":0,"1":0,"2":0,"3":0,"4":0,"5":0,"6":0,"7":0,"8":0,"9":0,"10":0,"11":0,"12":0,"13":0,"14":0,"15":0,"16":0,"17":0,"18":0,"19":0},"f":{"0":0,"1":0},"b":{}}
,"/Users/elhamnajeebullah/Documents/Full-Stack-Application/The-wild-oasis-web-platform/Internal-app/src/ui/Button/Button.tsx": {"path":"/Users/elhamnajeebullah/Documents/Full-Stack-Application/The-wild-oasis-web-platform/Internal-app/src/ui/Button/Button.tsx","statementMap":{"0":{"start":{"line":1,"column":0},"end":{"line":1,"column":48}},"1":{"start":{"line":3,"column":13},"end":{"line":21,"column":2}},"2":{"start":{"line":23,"column":13},"end":{"line":49,"column":2}},"3":{"start":{"line":51,"column":15},"end":{"line":65,"column":2}},"4":{"start":{"line":56,"column":29},"end":{"line":56,"column":69}},"5":{"start":{"line":58,"column":22},"end":{"line":58,"column":62}},"6":{"start":{"line":62,"column":35},"end":{"line":62,"column":75}},"7":{"start":{"line":67,"column":0},"end":{"line":67,"column":22}}},"fnMap":{"0":{"name":"(anonymous_0)","decl":{"start":{"line":56,"column":18},"end":{"line":56,"column":19}},"loc":{"start":{"line":56,"column":29},"end":{"line":56,"column":69}}},"1":{"name":"(anonymous_1)","decl":{"start":{"line":58,"column":11},"end":{"line":58,"column":12}},"loc":{"start":{"line":58,"column":22},"end":{"line":58,"column":62}}},"2":{"name":"(anonymous_2)","decl":{"start":{"line":62,"column":24},"end":{"line":62,"column":25}},"loc":{"start":{"line":62,"column":35},"end":{"line":62,"column":75}}}},"branchMap":{"0":{"loc":{"start":{"line":56,"column":29},"end":{"line":56,"column":69}},"type":"binary-expr","locations":[{"start":{"line":56,"column":29},"end":{"line":56,"column":41}},{"start":{"line":56,"column":45},"end":{"line":56,"column":69}}]},"1":{"loc":{"start":{"line":58,"column":22},"end":{"line":58,"column":62}},"type":"binary-expr","locations":[{"start":{"line":58,"column":22},"end":{"line":58,"column":34}},{"start":{"line":58,"column":38},"end":{"line":58,"column":62}}]},"2":{"loc":{"start":{"line":62,"column":35},"end":{"line":62,"column":75}},"type":"binary-expr","locations":[{"start":{"line":62,"column":35},"end":{"line":62,"column":47}},{"start":{"line":62,"column":51},"end":{"line":62,"column":75}}]}},"s":{"0":1,"1":1,"2":1,"3":1,"4":3,"5":3,"6":3,"7":1},"f":{"0":3,"1":3,"2":3},"b":{"0":[3,3],"1":[3,3],"2":[3,3]}}
}
