{"/Users/elhamnajeebullah/Documents/Ty[peScript-Full-Stack-Application/The-wild-oasis-web-platform/Internal-app/src/features/authentication/UserAvatar.tsx": {"path":"/Users/elhamnajeebullah/Documents/Ty[peScript-Full-Stack-Application/The-wild-oasis-web-platform/Internal-app/src/features/authentication/UserAvatar.tsx","statementMap":{"0":{"start":{"line":1,"column":0},"end":{"line":1,"column":39}},"1":{"start":{"line":3,"column":13},"end":{"line":10,"column":2}},"2":{"start":{"line":12,"column":13},"end":{"line":21,"column":2}}},"fnMap":{},"branchMap":{},"s":{"0":0,"1":0,"2":0},"f":{},"b":{}}
,"/Users/elhamnajeebullah/Documents/Ty[peScript-Full-Stack-Application/The-wild-oasis-web-platform/Internal-app/src/features/cabins/CabinRow.tsx": {"path":"/Users/elhamnajeebullah/Documents/Ty[peScript-Full-Stack-Application/The-wild-oasis-web-platform/Internal-app/src/features/cabins/CabinRow.tsx","statementMap":{"0":{"start":{"line":56,"column":0},"end":{"line":56,"column":24}},"1":{"start":{"line":1,"column":0},"end":{"line":1,"column":26}},"2":{"start":{"line":2,"column":0},"end":{"line":2,"column":68}},"3":{"start":{"line":3,"column":0},"end":{"line":3,"column":39}},"4":{"start":{"line":4,"column":0},"end":{"line":4,"column":36}},"5":{"start":{"line":6,"column":0},"end":{"line":6,"column":53}},"6":{"start":{"line":7,"column":0},"end":{"line":7,"column":55}},"7":{"start":{"line":8,"column":0},"end":{"line":8,"column":48}},"8":{"start":{"line":9,"column":0},"end":{"line":9,"column":44}},"9":{"start":{"line":10,"column":0},"end":{"line":10,"column":39}},"10":{"start":{"line":12,"column":13},"end":{"line":22,"column":2}},"11":{"start":{"line":24,"column":13},"end":{"line":32,"column":2}},"12":{"start":{"line":34,"column":13},"end":{"line":39,"column":2}},"13":{"start":{"line":41,"column":13},"end":{"line":44,"column":2}},"14":{"start":{"line":46,"column":13},"end":{"line":50,"column":2}},"15":{"start":{"line":57,"column":34},"end":{"line":57,"column":64}},"16":{"start":{"line":59,"column":76},"end":{"line":59,"column":81}},"17":{"start":{"line":62,"column":22},"end":{"line":62,"column":38}},"18":{"start":{"line":64,"column":44},"end":{"line":78,"column":4}},"19":{"start":{"line":65,"column":32},"end":{"line":65,"column":47}},"20":{"start":{"line":69,"column":6},"end":{"line":69,"column":50}},"21":{"start":{"line":72,"column":6},"end":{"line":75,"column":9}},"22":{"start":{"line":77,"column":22},"end":{"line":77,"column":46}},"23":{"start":{"line":80,"column":28},"end":{"line":82,"column":3}},"24":{"start":{"line":81,"column":4},"end":{"line":81,"column":15}},"25":{"start":{"line":84,"column":27},"end":{"line":86,"column":3}},"26":{"start":{"line":85,"column":4},"end":{"line":85,"column":33}},"27":{"start":{"line":85,"column":26},"end":{"line":85,"column":31}},"28":{"start":{"line":88,"column":2},"end":{"line":107,"column":4}},"29":{"start":{"line":100,"column":33},"end":{"line":100,"column":59}}},"fnMap":{"0":{"name":"CabinRow","decl":{"start":{"line":56,"column":24},"end":{"line":56,"column":32}},"loc":{"start":{"line":56,"column":49},"end":{"line":108,"column":1}}},"1":{"name":"(anonymous_2)","decl":{"start":{"line":65,"column":16},"end":{"line":65,"column":17}},"loc":{"start":{"line":65,"column":32},"end":{"line":65,"column":47}}},"2":{"name":"(anonymous_3)","decl":{"start":{"line":68,"column":15},"end":{"line":68,"column":18}},"loc":{"start":{"line":68,"column":20},"end":{"line":76,"column":5}}},"3":{"name":"(anonymous_4)","decl":{"start":{"line":77,"column":13},"end":{"line":77,"column":14}},"loc":{"start":{"line":77,"column":22},"end":{"line":77,"column":46}}},"4":{"name":"(anonymous_5)","decl":{"start":{"line":80,"column":28},"end":{"line":80,"column":29}},"loc":{"start":{"line":80,"column":49},"end":{"line":82,"column":3}}},"5":{"name":"(anonymous_6)","decl":{"start":{"line":84,"column":27},"end":{"line":84,"column":36}},"loc":{"start":{"line":84,"column":38},"end":{"line":86,"column":3}}},"6":{"name":"(anonymous_7)","decl":{"start":{"line":85,"column":16},"end":{"line":85,"column":17}},"loc":{"start":{"line":85,"column":26},"end":{"line":85,"column":31}}},"7":{"name":"(anonymous_8)","decl":{"start":{"line":100,"column":27},"end":{"line":100,"column":30}},"loc":{"start":{"line":100,"column":33},"end":{"line":100,"column":59}}}},"branchMap":{"0":{"loc":{"start":{"line":105,"column":7},"end":{"line":105,"column":52}},"type":"binary-expr","locations":[{"start":{"line":105,"column":7},"end":{"line":105,"column":15}},{"start":{"line":105,"column":19},"end":{"line":105,"column":52}}]}},"s":{"0":0,"1":0,"2":0,"3":0,"4":0,"5":0,"6":0,"7":0,"8":0,"9":0,"10":0,"11":0,"12":0,"13":0,"14":0,"15":0,"16":0,"17":0,"18":0,"19":0,"20":0,"21":0,"22":0,"23":0,"24":0,"25":0,"26":0,"27":0,"28":0,"29":0},"f":{"0":0,"1":0,"2":0,"3":0,"4":0,"5":0,"6":0,"7":0},"b":{"0":[0,0]}}
,"/Users/elhamnajeebullah/Documents/Ty[peScript-Full-Stack-Application/The-wild-oasis-web-platform/Internal-app/src/features/cabins/CreateCabinForm.tsx": {"path":"/Users/elhamnajeebullah/Documents/Ty[peScript-Full-Stack-Application/The-wild-oasis-web-platform/Internal-app/src/features/cabins/CreateCabinForm.tsx","statementMap":{"0":{"start":{"line":2,"column":0},"end":{"line":2,"column":36}},"1":{"start":{"line":3,"column":0},"end":{"line":3,"column":39}},"2":{"start":{"line":4,"column":0},"end":{"line":4,"column":68}},"3":{"start":{"line":5,"column":0},"end":{"line":5,"column":42}},"4":{"start":{"line":6,"column":0},"end":{"line":6,"column":54}},"5":{"start":{"line":7,"column":0},"end":{"line":7,"column":null}},"6":{"start":{"line":11,"column":0},"end":{"line":11,"column":35}},"7":{"start":{"line":12,"column":0},"end":{"line":12,"column":33}},"8":{"start":{"line":13,"column":0},"end":{"line":13,"column":44}},"9":{"start":{"line":14,"column":0},"end":{"line":14,"column":43}},"10":{"start":{"line":15,"column":0},"end":{"line":15,"column":41}},"11":{"start":{"line":16,"column":0},"end":{"line":16,"column":55}},"12":{"start":{"line":19,"column":16},"end":{"line":44,"column":2}},"13":{"start":{"line":46,"column":14},"end":{"line":48,"column":2}},"14":{"start":{"line":50,"column":13},"end":{"line":53,"column":2}},"15":{"start":{"line":59,"column":24},"end":{"line":59,"column":42}},"16":{"start":{"line":60,"column":21},"end":{"line":60,"column":32}},"17":{"start":{"line":62,"column":22},"end":{"line":62,"column":38}},"18":{"start":{"line":69,"column":6},"end":{"line":72,"column":4}},"19":{"start":{"line":74,"column":32},"end":{"line":82,"column":4}},"20":{"start":{"line":75,"column":51},"end":{"line":75,"column":72}},"21":{"start":{"line":77,"column":6},"end":{"line":77,"column":54}},"22":{"start":{"line":78,"column":6},"end":{"line":78,"column":62}},"23":{"start":{"line":79,"column":6},"end":{"line":79,"column":14}},"24":{"start":{"line":81,"column":22},"end":{"line":81,"column":46}},"25":{"start":{"line":84,"column":19},"end":{"line":86,"column":3}},"26":{"start":{"line":85,"column":4},"end":{"line":85,"column":46}},"27":{"start":{"line":88,"column":2},"end":{"line":140,"column":4}},"28":{"start":{"line":143,"column":0},"end":{"line":143,"column":31}}},"fnMap":{"0":{"name":"CreateCabinForm","decl":{"start":{"line":58,"column":9},"end":{"line":58,"column":24}},"loc":{"start":{"line":58,"column":41},"end":{"line":141,"column":1}}},"1":{"name":"(anonymous_2)","decl":{"start":{"line":75,"column":16},"end":{"line":75,"column":17}},"loc":{"start":{"line":75,"column":51},"end":{"line":75,"column":72}}},"2":{"name":"(anonymous_3)","decl":{"start":{"line":76,"column":15},"end":{"line":76,"column":18}},"loc":{"start":{"line":76,"column":20},"end":{"line":80,"column":5}}},"3":{"name":"(anonymous_4)","decl":{"start":{"line":81,"column":13},"end":{"line":81,"column":14}},"loc":{"start":{"line":81,"column":22},"end":{"line":81,"column":46}}},"4":{"name":"(anonymous_5)","decl":{"start":{"line":84,"column":19},"end":{"line":84,"column":20}},"loc":{"start":{"line":84,"column":55},"end":{"line":86,"column":3}}}},"branchMap":{"0":{"loc":{"start":{"line":59,"column":32},"end":{"line":59,"column":41}},"type":"cond-expr","locations":[{"start":{"line":59,"column":37},"end":{"line":59,"column":39}},{"start":{"line":59,"column":32},"end":{"line":59,"column":41}}]},"1":{"loc":{"start":{"line":59,"column":32},"end":{"line":59,"column":39}},"type":"binary-expr","locations":[{"start":{"line":59,"column":32},"end":{"line":59,"column":39}},{"start":{"line":59,"column":32},"end":{"line":59,"column":39}}]},"2":{"loc":{"start":{"line":60,"column":21},"end":{"line":60,"column":32}},"type":"cond-expr","locations":[{"start":{"line":60,"column":21},"end":{"line":60,"column":26}},{"start":{"line":60,"column":30},"end":{"line":60,"column":32}}]},"3":{"loc":{"start":{"line":60,"column":21},"end":{"line":60,"column":30}},"type":"binary-expr","locations":[{"start":{"line":60,"column":21},"end":{"line":60,"column":30}},{"start":{"line":60,"column":21},"end":{"line":60,"column":30}}]},"4":{"loc":{"start":{"line":70,"column":19},"end":{"line":70,"column":50}},"type":"cond-expr","locations":[{"start":{"line":70,"column":35},"end":{"line":70,"column":45}},{"start":{"line":70,"column":48},"end":{"line":70,"column":50}}]},"5":{"loc":{"start":{"line":94,"column":7},"end":{"line":94,"column":68}},"type":"binary-expr","locations":[{"start":{"line":94,"column":7},"end":{"line":94,"column":28}},{"start":{"line":94,"column":32},"end":{"line":94,"column":68}}]},"6":{"loc":{"start":{"line":94,"column":7},"end":{"line":94,"column":28}},"type":"cond-expr","locations":[{"start":{"line":94,"column":19},"end":{"line":94,"column":21}},{"start":{"line":94,"column":19},"end":{"line":94,"column":28}}]},"7":{"loc":{"start":{"line":94,"column":7},"end":{"line":94,"column":21}},"type":"binary-expr","locations":[{"start":{"line":94,"column":7},"end":{"line":94,"column":21}},{"start":{"line":94,"column":19},"end":{"line":94,"column":21}}]},"8":{"loc":{"start":{"line":94,"column":7},"end":{"line":94,"column":19}},"type":"cond-expr","locations":[{"start":{"line":94,"column":13},"end":{"line":94,"column":15}},{"start":{"line":94,"column":7},"end":{"line":94,"column":19}}]},"9":{"loc":{"start":{"line":94,"column":7},"end":{"line":94,"column":15}},"type":"binary-expr","locations":[{"start":{"line":94,"column":7},"end":{"line":94,"column":15}},{"start":{"line":94,"column":7},"end":{"line":94,"column":15}}]},"10":{"loc":{"start":{"line":100,"column":7},"end":{"line":100,"column":82}},"type":"binary-expr","locations":[{"start":{"line":100,"column":7},"end":{"line":100,"column":35}},{"start":{"line":100,"column":39},"end":{"line":100,"column":82}}]},"11":{"loc":{"start":{"line":100,"column":7},"end":{"line":100,"column":35}},"type":"cond-expr","locations":[{"start":{"line":100,"column":26},"end":{"line":100,"column":28}},{"start":{"line":100,"column":26},"end":{"line":100,"column":35}}]},"12":{"loc":{"start":{"line":100,"column":7},"end":{"line":100,"column":28}},"type":"binary-expr","locations":[{"start":{"line":100,"column":7},"end":{"line":100,"column":28}},{"start":{"line":100,"column":26},"end":{"line":100,"column":28}}]},"13":{"loc":{"start":{"line":100,"column":7},"end":{"line":100,"column":26}},"type":"cond-expr","locations":[{"start":{"line":100,"column":13},"end":{"line":100,"column":15}},{"start":{"line":100,"column":7},"end":{"line":100,"column":26}}]},"14":{"loc":{"start":{"line":100,"column":7},"end":{"line":100,"column":15}},"type":"binary-expr","locations":[{"start":{"line":100,"column":7},"end":{"line":100,"column":15}},{"start":{"line":100,"column":7},"end":{"line":100,"column":15}}]},"15":{"loc":{"start":{"line":106,"column":7},"end":{"line":106,"column":84}},"type":"binary-expr","locations":[{"start":{"line":106,"column":7},"end":{"line":106,"column":36}},{"start":{"line":106,"column":40},"end":{"line":106,"column":84}}]},"16":{"loc":{"start":{"line":106,"column":7},"end":{"line":106,"column":36}},"type":"cond-expr","locations":[{"start":{"line":106,"column":27},"end":{"line":106,"column":29}},{"start":{"line":106,"column":27},"end":{"line":106,"column":36}}]},"17":{"loc":{"start":{"line":106,"column":7},"end":{"line":106,"column":29}},"type":"binary-expr","locations":[{"start":{"line":106,"column":7},"end":{"line":106,"column":29}},{"start":{"line":106,"column":27},"end":{"line":106,"column":29}}]},"18":{"loc":{"start":{"line":106,"column":7},"end":{"line":106,"column":27}},"type":"cond-expr","locations":[{"start":{"line":106,"column":13},"end":{"line":106,"column":15}},{"start":{"line":106,"column":7},"end":{"line":106,"column":27}}]},"19":{"loc":{"start":{"line":106,"column":7},"end":{"line":106,"column":15}},"type":"binary-expr","locations":[{"start":{"line":106,"column":7},"end":{"line":106,"column":15}},{"start":{"line":106,"column":7},"end":{"line":106,"column":15}}]},"20":{"loc":{"start":{"line":112,"column":7},"end":{"line":112,"column":76}},"type":"binary-expr","locations":[{"start":{"line":112,"column":7},"end":{"line":112,"column":32}},{"start":{"line":112,"column":36},"end":{"line":112,"column":76}}]},"21":{"loc":{"start":{"line":112,"column":7},"end":{"line":112,"column":32}},"type":"cond-expr","locations":[{"start":{"line":112,"column":23},"end":{"line":112,"column":25}},{"start":{"line":112,"column":23},"end":{"line":112,"column":32}}]},"22":{"loc":{"start":{"line":112,"column":7},"end":{"line":112,"column":25}},"type":"binary-expr","locations":[{"start":{"line":112,"column":7},"end":{"line":112,"column":25}},{"start":{"line":112,"column":23},"end":{"line":112,"column":25}}]},"23":{"loc":{"start":{"line":112,"column":7},"end":{"line":112,"column":23}},"type":"cond-expr","locations":[{"start":{"line":112,"column":13},"end":{"line":112,"column":15}},{"start":{"line":112,"column":7},"end":{"line":112,"column":23}}]},"24":{"loc":{"start":{"line":112,"column":7},"end":{"line":112,"column":15}},"type":"binary-expr","locations":[{"start":{"line":112,"column":7},"end":{"line":112,"column":15}},{"start":{"line":112,"column":7},"end":{"line":112,"column":15}}]},"25":{"loc":{"start":{"line":123,"column":7},"end":{"line":123,"column":82}},"type":"binary-expr","locations":[{"start":{"line":123,"column":7},"end":{"line":123,"column":35}},{"start":{"line":123,"column":39},"end":{"line":123,"column":82}}]},"26":{"loc":{"start":{"line":123,"column":7},"end":{"line":123,"column":35}},"type":"cond-expr","locations":[{"start":{"line":123,"column":26},"end":{"line":123,"column":28}},{"start":{"line":123,"column":26},"end":{"line":123,"column":35}}]},"27":{"loc":{"start":{"line":123,"column":7},"end":{"line":123,"column":28}},"type":"binary-expr","locations":[{"start":{"line":123,"column":7},"end":{"line":123,"column":28}},{"start":{"line":123,"column":26},"end":{"line":123,"column":28}}]},"28":{"loc":{"start":{"line":123,"column":7},"end":{"line":123,"column":26}},"type":"cond-expr","locations":[{"start":{"line":123,"column":13},"end":{"line":123,"column":15}},{"start":{"line":123,"column":7},"end":{"line":123,"column":26}}]},"29":{"loc":{"start":{"line":123,"column":7},"end":{"line":123,"column":15}},"type":"binary-expr","locations":[{"start":{"line":123,"column":7},"end":{"line":123,"column":15}},{"start":{"line":123,"column":7},"end":{"line":123,"column":15}}]},"30":{"loc":{"start":{"line":136,"column":11},"end":{"line":136,"column":60}},"type":"cond-expr","locations":[{"start":{"line":136,"column":27},"end":{"line":136,"column":39}},{"start":{"line":136,"column":42},"end":{"line":136,"column":60}}]}},"s":{"0":0,"1":0,"2":0,"3":0,"4":0,"5":0,"6":0,"7":0,"8":0,"9":0,"10":0,"11":0,"12":0,"13":0,"14":0,"15":0,"16":0,"17":0,"18":0,"19":0,"20":0,"21":0,"22":0,"23":0,"24":0,"25":0,"26":0,"27":0,"28":0},"f":{"0":0,"1":0,"2":0,"3":0,"4":0},"b":{"0":[0,0],"1":[0,0],"2":[0,0],"3":[0,0],"4":[0,0],"5":[0,0],"6":[0,0],"7":[0,0],"8":[0,0],"9":[0,0],"10":[0,0],"11":[0,0],"12":[0,0],"13":[0,0],"14":[0,0],"15":[0,0],"16":[0,0],"17":[0,0],"18":[0,0],"19":[0,0],"20":[0,0],"21":[0,0],"22":[0,0],"23":[0,0],"24":[0,0],"25":[0,0],"26":[0,0],"27":[0,0],"28":[0,0],"29":[0,0],"30":[0,0]}}
}
