TN:
SF:src/ui/Button/Button.stories.tsx
FN:7,(anonymous_1)
FN:135,(anonymous_2)
FNF:2
FNH:0
FNDA:0,(anonymous_1)
FNDA:0,(anonymous_2)
DA:2,0
DA:3,0
DA:7,0
DA:8,0
DA:16,0
DA:25,0
DA:32,0
DA:38,0
DA:48,0
DA:58,0
DA:69,0
DA:76,0
DA:88,0
DA:102,0
DA:113,0
DA:125,0
DA:132,0
DA:135,0
LF:18
LH:0
BRF:0
BRH:0
end_of_record
TN:
SF:src/ui/Button/Button.tsx
FN:56,(anonymous_0)
FN:58,(anonymous_1)
FN:62,(anonymous_2)
FNF:3
FNH:3
FNDA:3,(anonymous_0)
FNDA:3,(anonymous_1)
FNDA:3,(anonymous_2)
DA:1,1
DA:3,1
DA:23,1
DA:51,1
DA:56,3
DA:58,3
DA:62,3
DA:67,1
LF:8
LH:8
BRDA:56,0,0,3
BRDA:56,0,1,3
BRDA:58,1,0,3
BRDA:58,1,1,3
BRDA:62,2,0,3
BRDA:62,2,1,3
BRF:6
BRH:6
end_of_record
